# JRE version: Java(TM) SE Runtime Environment (8.0_91-b15) (build 1.8.0_91-b15)
# Java VM: Java HotSpot(TM) 64-Bit Server VM (25.91-b15 mixed mode windows-amd64 compressed oops)
Heap:
 PSYoungGen      total 241664K, used 74929K [0x000000076b400000, 0x000000077c400000, 0x00000007c0000000)
  eden space 224256K, 33% used [0x000000076b400000,0x000000076fd2c668,0x0000000778f00000)
  from space 17408K, 0% used [0x0000000779f80000,0x0000000779f80000,0x000000077b080000)
  to   space 16896K, 0% used [0x0000000778f00000,0x0000000778f00000,0x0000000779f80000)
 ParOldGen       total 105984K, used 18069K [0x00000006c1c00000, 0x00000006c8380000, 0x000000076b400000)
  object space 105984K, 17% used [0x00000006c1c00000,0x00000006c2da56a8,0x00000006c8380000)
 Metaspace       used 37218K, capacity 39098K, committed 39296K, reserved 1085440K
  class space    used 5033K, capacity 5398K, committed 5504K, reserved 1048576K
GC Heap History (10 events):
Event: 1.272 GC heap before
{Heap before GC invocations=4 (full 1):
 PSYoungGen      total 76288K, used 5669K [0x000000076b400000, 0x0000000774900000, 0x00000007c0000000)
  eden space 65536K, 0% used [0x000000076b400000,0x000000076b400000,0x000000076f400000)
  from space 10752K, 52% used [0x000000076f400000,0x000000076f989550,0x000000076fe80000)
  to   space 10752K, 0% used [0x0000000773e80000,0x0000000773e80000,0x0000000774900000)
 ParOldGen       total 175104K, used 63K [0x00000006c1c00000, 0x00000006cc700000, 0x000000076b400000)
  object space 175104K, 0% used [0x00000006c1c00000,0x00000006c1c0fd00,0x00000006cc700000)
 Metaspace       used 20573K, capacity 21156K, committed 21296K, reserved 1067008K
  class space    used 2753K, capacity 2916K, committed 2944K, reserved 1048576K
Event: 1.295 GC heap after
Heap after GC invocations=4 (full 1):
 PSYoungGen      total 76288K, used 0K [0x000000076b400000, 0x0000000774900000, 0x00000007c0000000)
  eden space 65536K, 0% used [0x000000076b400000,0x000000076b400000,0x000000076f400000)
  from space 10752K, 0% used [0x000000076f400000,0x000000076f400000,0x000000076fe80000)
  to   space 10752K, 0% used [0x0000000773e80000,0x0000000773e80000,0x0000000774900000)
 ParOldGen       total 78848K, used 5467K [0x00000006c1c00000, 0x00000006c6900000, 0x000000076b400000)
  object space 78848K, 6% used [0x00000006c1c00000,0x00000006c2156d88,0x00000006c6900000)
 Metaspace       used 20572K, capacity 21150K, committed 21296K, reserved 1067008K
  class space    used 2753K, capacity 2915K, committed 2944K, reserved 1048576K
}
Event: 1.633 GC heap before
{Heap before GC invocations=5 (full 1):
 PSYoungGen      total 76288K, used 65536K [0x000000076b400000, 0x0000000774900000, 0x00000007c0000000)
  eden space 65536K, 100% used [0x000000076b400000,0x000000076f400000,0x000000076f400000)
  from space 10752K, 0% used [0x000000076f400000,0x000000076f400000,0x000000076fe80000)
  to   space 10752K, 0% used [0x0000000773e80000,0x0000000773e80000,0x0000000774900000)
 ParOldGen       total 78848K, used 5467K [0x00000006c1c00000, 0x00000006c6900000, 0x000000076b400000)
  object space 78848K, 6% used [0x00000006c1c00000,0x00000006c2156d88,0x00000006c6900000)
 Metaspace       used 24750K, capacity 25570K, committed 25856K, reserved 1071104K
  class space    used 3322K, capacity 3523K, committed 3584K, reserved 1048576K
Event: 1.638 GC heap after
Heap after GC invocations=5 (full 1):
 PSYoungGen      total 130048K, used 7437K [0x000000076b400000, 0x0000000774600000, 0x00000007c0000000)
  eden space 122368K, 0% used [0x000000076b400000,0x000000076b400000,0x0000000772b80000)
  from space 7680K, 96% used [0x0000000773e80000,0x00000007745c37b0,0x0000000774600000)
  to   space 10752K, 0% used [0x0000000773100000,0x0000000773100000,0x0000000773b80000)
 ParOldGen       total 78848K, used 5539K [0x00000006c1c00000, 0x00000006c6900000, 0x000000076b400000)
  object space 78848K, 7% used [0x00000006c1c00000,0x00000006c2168d98,0x00000006c6900000)
 Metaspace       used 24750K, capacity 25570K, committed 25856K, reserved 1071104K
  class space    used 3322K, capacity 3523K, committed 3584K, reserved 1048576K
}
Event: 2.505 GC heap before
{Heap before GC invocations=6 (full 1):
 PSYoungGen      total 130048K, used 129805K [0x000000076b400000, 0x0000000774600000, 0x00000007c0000000)
  eden space 122368K, 100% used [0x000000076b400000,0x0000000772b80000,0x0000000772b80000)
  from space 7680K, 96% used [0x0000000773e80000,0x00000007745c37b0,0x0000000774600000)
  to   space 10752K, 0% used [0x0000000773100000,0x0000000773100000,0x0000000773b80000)
 ParOldGen       total 78848K, used 5539K [0x00000006c1c00000, 0x00000006c6900000, 0x000000076b400000)
  object space 78848K, 7% used [0x00000006c1c00000,0x00000006c2168d98,0x00000006c6900000)
 Metaspace       used 33697K, capacity 35250K, committed 35456K, reserved 1079296K
  class space    used 4554K, capacity 4881K, committed 4992K, reserved 1048576K
Event: 2.518 GC heap after
Heap after GC invocations=6 (full 1):
 PSYoungGen      total 138752K, used 10737K [0x000000076b400000, 0x000000077b080000, 0x00000007c0000000)
  eden space 128000K, 0% used [0x000000076b400000,0x000000076b400000,0x0000000773100000)
  from space 10752K, 99% used [0x0000000773100000,0x0000000773b7c6b0,0x0000000773b80000)
  to   space 17408K, 0% used [0x0000000779f80000,0x0000000779f80000,0x000000077b080000)
 ParOldGen       total 78848K, used 12433K [0x00000006c1c00000, 0x00000006c6900000, 0x000000076b400000)
  object space 78848K, 15% used [0x00000006c1c00000,0x00000006c28245e8,0x00000006c6900000)
 Metaspace       used 33697K, capacity 35250K, committed 35456K, reserved 1079296K
  class space    used 4554K, capacity 4881K, committed 4992K, reserved 1048576K
}
Event: 2.525 GC heap before
{Heap before GC invocations=7 (full 1):
 PSYoungGen      total 138752K, used 13170K [0x000000076b400000, 0x000000077b080000, 0x00000007c0000000)
  eden space 128000K, 1% used [0x000000076b400000,0x000000076b6601e0,0x0000000773100000)
  from space 10752K, 99% used [0x0000000773100000,0x0000000773b7c6b0,0x0000000773b80000)
  to   space 17408K, 0% used [0x0000000779f80000,0x0000000779f80000,0x000000077b080000)
 ParOldGen       total 78848K, used 12433K [0x00000006c1c00000, 0x00000006c6900000, 0x000000076b400000)
  object space 78848K, 15% used [0x00000006c1c00000,0x00000006c28245e8,0x00000006c6900000)
 Metaspace       used 33784K, capacity 35326K, committed 35456K, reserved 1079296K
  class space    used 4561K, capacity 4883K, committed 4992K, reserved 1048576K
Event: 2.532 GC heap after
Heap after GC invocations=7 (full 1):
 PSYoungGen      total 241664K, used 10971K [0x000000076b400000, 0x000000077c400000, 0x00000007c0000000)
  eden space 224256K, 0% used [0x000000076b400000,0x000000076b400000,0x0000000778f00000)
  from space 17408K, 63% used [0x0000000779f80000,0x000000077aa36fc0,0x000000077b080000)
  to   space 16896K, 0% used [0x0000000778f00000,0x0000000778f00000,0x0000000779f80000)
 ParOldGen       total 78848K, used 12441K [0x00000006c1c00000, 0x00000006c6900000, 0x000000076b400000)
  object space 78848K, 15% used [0x00000006c1c00000,0x00000006c28265e8,0x00000006c6900000)
 Metaspace       used 33784K, capacity 35326K, committed 35456K, reserved 1079296K
  class space    used 4561K, capacity 4883K, committed 4992K, reserved 1048576K
}
Event: 2.532 GC heap before
{Heap before GC invocations=8 (full 2):
 PSYoungGen      total 241664K, used 10971K [0x000000076b400000, 0x000000077c400000, 0x00000007c0000000)
  eden space 224256K, 0% used [0x000000076b400000,0x000000076b400000,0x0000000778f00000)
  from space 17408K, 63% used [0x0000000779f80000,0x000000077aa36fc0,0x000000077b080000)
  to   space 16896K, 0% used [0x0000000778f00000,0x0000000778f00000,0x0000000779f80000)
 ParOldGen       total 78848K, used 12441K [0x00000006c1c00000, 0x00000006c6900000, 0x000000076b400000)
  object space 78848K, 15% used [0x00000006c1c00000,0x00000006c28265e8,0x00000006c6900000)
 Metaspace       used 33784K, capacity 35326K, committed 35456K, reserved 1079296K
  class space    used 4561K, capacity 4883K, committed 4992K, reserved 1048576K
Event: 2.574 GC heap after
Heap after GC invocations=8 (full 2):
 PSYoungGen      total 241664K, used 0K [0x000000076b400000, 0x000000077c400000, 0x00000007c0000000)
  eden space 224256K, 0% used [0x000000076b400000,0x000000076b400000,0x0000000778f00000)
  from space 17408K, 0% used [0x0000000779f80000,0x0000000779f80000,0x000000077b080000)
  to   space 16896K, 0% used [0x0000000778f00000,0x0000000778f00000,0x0000000779f80000)
 ParOldGen       total 105984K, used 18069K [0x00000006c1c00000, 0x00000006c8380000, 0x000000076b400000)
  object space 105984K, 17% used [0x00000006c1c00000,0x00000006c2da56a8,0x00000006c8380000)
 Metaspace       used 33784K, capacity 35326K, committed 35456K, reserved 1079296K
  class space    used 4561K, capacity 4883K, committed 4992K, reserved 1048576K
}

